Using pre-set license
Built from '2020.2/release' branch; Version is '2020.2.2f1 (068178b99f32) revision 426360'; Using compiler version '192528614'; Build Type 'Release'
OS: 'Windows 10 Pro; OS build 19044.1348; Version 2009; 64bit' Language: 'en' Physical Memory: 65445 MB
BatchMode: 1, IsHumanControllingUs: 0, StartBugReporterOnCrash: 0, Is64bit: 1, IsPro: 0

 COMMAND LINE ARGUMENTS:
C:\Program Files\Unity\Editor\Unity.exe
-adb2
-batchMode
-noUpm
-name
AssetImportWorker0
-projectPath
C:/Users/LionA/Desktop/Unity Projects/GitHubProjects/tafe/GUI-Assessment-1-/GUI - Assessment 1 - Game Systems
-logFile
Logs/AssetImportWorker0.log
-srvPort
63588
Successfully changed project path to: C:/Users/LionA/Desktop/Unity Projects/GitHubProjects/tafe/GUI-Assessment-1-/GUI - Assessment 1 - Game Systems
C:/Users/LionA/Desktop/Unity Projects/GitHubProjects/tafe/GUI-Assessment-1-/GUI - Assessment 1 - Game Systems
Using Asset Import Pipeline V2.
Refreshing native plugins compatible for Editor in 18.81 ms, found 0 plugins.
Preloading 0 native plugins for Editor in 0.00 ms.
Initialize engine version: 2020.2.2f1 (068178b99f32)
[Subsystems] Discovering subsystems at path C:/Program Files/Unity/Editor/Data/Resources/UnitySubsystems
[Subsystems] Discovering subsystems at path C:/Users/LionA/Desktop/Unity Projects/GitHubProjects/tafe/GUI-Assessment-1-/GUI - Assessment 1 - Game Systems/Assets
GfxDevice: creating device client; threaded=0
Direct3D:
    Version:  Direct3D 11.0 [level 11.1]
    Renderer: NVIDIA GeForce RTX 3090 (ID=0x2204)
    Vendor:   
    VRAM:     24348 MB
    Driver:   30.0.14.7239
Initialize mono
Mono path[0] = 'C:/Program Files/Unity/Editor/Data/Managed'
Mono path[1] = 'C:/Program Files/Unity/Editor/Data/MonoBleedingEdge/lib/mono/unityjit'
Mono config path = 'C:/Program Files/Unity/Editor/Data/MonoBleedingEdge/etc'
Using monoOptions --debugger-agent=transport=dt_socket,embedding=1,server=y,suspend=n,address=127.0.0.1:56112
Begin MonoManager ReloadAssembly
Registering precompiled unity dll's ...
Register platform support module: C:/Program Files/Unity/Editor/Data/PlaybackEngines/WindowsStandaloneSupport/UnityEditor.WindowsStandalone.Extensions.dll
Registered in 0.001906 seconds.
Native extension for WindowsStandalone target not found
Refreshing native plugins compatible for Editor in 19.59 ms, found 0 plugins.
Preloading 0 native plugins for Editor in 0.00 ms.
Invoked RoslynAnalysisRunner static constructor.
RoslynAnalysisRunner will not be running.
RoslynAnalysisRunner has terminated.
Mono: successfully reloaded assembly
- Completed reload, in  0.710 seconds
Platform modules already initialized, skipping
Registering precompiled user dll's ...
Registered in 0.000478 seconds.
Begin MonoManager ReloadAssembly
Native extension for WindowsStandalone target not found
Refreshing native plugins compatible for Editor in 0.27 ms, found 0 plugins.
Preloading 0 native plugins for Editor in 0.00 ms.
Invoked RoslynAnalysisRunner static constructor.
RoslynAnalysisRunner will not be running.
RoslynAnalysisRunner has terminated.
Mono: successfully reloaded assembly
- Completed reload, in  0.534 seconds
Platform modules already initialized, skipping
========================================================================
Worker process is ready to serve import requests
Shader 'Toon/Lighted Outline': fallback shader 'Toon/Lighted' not found
WARNING: Shader Unsupported: 'Toon/Lighted Outline' - All subshaders removed
WARNING: Shader Did you use #pragma only_renderers and omit this platform?
WARNING: Shader If subshaders removal was intentional, you may have forgotten turning Fallback off?
WARNING: Shader Unsupported: 'Toon/Lighted Outline' - All subshaders removed
WARNING: Shader Did you use #pragma only_renderers and omit this platform?
WARNING: Shader If subshaders removal was intentional, you may have forgotten turning Fallback off?
Shader 'Toon/Lighted Outline': fallback shader 'Toon/Lighted' not found
WARNING: Shader Unsupported: 'Toon/Lighted Outline' - All subshaders removed
WARNING: Shader Did you use #pragma only_renderers and omit this platform?
WARNING: Shader If subshaders removal was intentional, you may have forgotten turning Fallback off?
WARNING: Shader Unsupported: 'Toon/Lighted Outline' - All subshaders removed
WARNING: Shader Did you use #pragma only_renderers and omit this platform?
WARNING: Shader If subshaders removal was intentional, you may have forgotten turning Fallback off?
Launched and connected shader compiler UnityShaderCompiler.exe after 0.04 seconds
Refreshing native plugins compatible for Editor in 0.29 ms, found 0 plugins.
Preloading 0 native plugins for Editor in 0.00 ms.
Unloading 1119 Unused Serialized files (Serialized files now loaded: 0)
System memory in use before: 71.9 MB.
System memory in use after: 71.9 MB.

Unloading 11 unused Assets to reduce memory usage. Loaded Objects now: 1580.
Total: 1.875600 ms (FindLiveObjects: 0.206400 ms CreateObjectMapping: 0.039100 ms MarkObjects: 1.518700 ms  DeleteObjects: 0.110500 ms)

========================================================================
Received Import Request.
  path: Assets/Animator
  artifactKey: Guid(558a7394e5f897d4985a8b88f0b5168c) Importer(815301076,1909f56bfc062723c751e8b465ee728b)
Start importing Assets/Animator using Guid(558a7394e5f897d4985a8b88f0b5168c) Importer(815301076,1909f56bfc062723c751e8b465ee728b)  -> (artifact id: 'd98e2eb246c9b17604780238adfb03d2') in 0.007283 seconds
  Import took 0.008982 seconds .

========================================================================
Received Import Request.
  Time since last request: 174.751098 seconds.
  path: Assets/Scripts/Scene 2/Player Scripts/Player/MouseLook.cs
  artifactKey: Guid(706cc88708f72224e8dde8018109e8e2) Importer(815301076,1909f56bfc062723c751e8b465ee728b)
Start importing Assets/Scripts/Scene 2/Player Scripts/Player/MouseLook.cs using Guid(706cc88708f72224e8dde8018109e8e2) Importer(815301076,1909f56bfc062723c751e8b465ee728b)  -> (artifact id: 'fb480db5a27776a064ee89510aa6e2cc') in 0.021819 seconds
  Import took 0.023803 seconds .

========================================================================
Received Import Request.
  Time since last request: 854.276250 seconds.
  path: Assets/Scripts/Scene 2/Player Scripts/Player Hud/Compass.cs
  artifactKey: Guid(b4110c2cd0d191b46a938c86d388b45d) Importer(815301076,1909f56bfc062723c751e8b465ee728b)
Start importing Assets/Scripts/Scene 2/Player Scripts/Player Hud/Compass.cs using Guid(b4110c2cd0d191b46a938c86d388b45d) Importer(815301076,1909f56bfc062723c751e8b465ee728b)  -> (artifact id: '3e17760b95734513f611cee9cadd1d04') in 0.007212 seconds
  Import took 0.009477 seconds .

========================================================================
Received Import Request.
  Time since last request: 674.597023 seconds.
  path: Assets/Scripts/Scene 2/Player Scripts/Player/Interact.cs
  artifactKey: Guid(64b78ccc5c37d6640a75d29487f2dccd) Importer(815301076,1909f56bfc062723c751e8b465ee728b)
Start importing Assets/Scripts/Scene 2/Player Scripts/Player/Interact.cs using Guid(64b78ccc5c37d6640a75d29487f2dccd) Importer(815301076,1909f56bfc062723c751e8b465ee728b)  -> (artifact id: '3431360ae46d237146d9a858e8f06d77') in 0.007284 seconds
  Import took 0.009651 seconds .

AssetImportWorkerClient::OnTransportError - code=2 error=End of file
